<?xml version="1.0" encoding="UTF-8"?>
<!-- Generated by org.testng.reporters.JUnitReportReporter -->
<testsuite skipped="0" hostname="DESKTOP-AD82P60" name="qaclickacadaemy.SeleniumTest" tests="2" failures="0" timestamp="2020-04-30T12:49:38 ART" time="0.000" errors="0">
  <testcase name="elementsUI" time="0.000" classname="qaclickacadaemy.SeleniumTest"/>
  <system-out/>
  <testcase name="BrowserAutomation" time="0.000" classname="qaclickacadaemy.SeleniumTest"/>
  <system-out/>
</testsuite> <!-- qaclickacadaemy.SeleniumTest -->
